This is pdfTeX, Version 3.141592653-2.6-1.40.22 (TeX Live 2022/dev/Debian) (preloaded format=pdflatex 2024.10.23)  23 OCT 2024 16:55
entering extended mode
 restricted \write18 enabled.
 %&-line parsing enabled.
**tesis.tex
(./tesis.tex
LaTeX2e <2021-11-15> patch level 1
L3 programming layer <2022-01-21> (./tesis.cls
Document Class: tesis 1996/25/01 1.0g LaTeX document class (wm).
\hours=\count185
\minutes=\count186
(/usr/share/texlive/texmf-dist/tex/latex/base/bk11.clo
File: bk11.clo 2021/10/04 v1.4n Standard LaTeX file (size option)
)
\c@part=\count187
\c@chapter=\count188
\c@section=\count189
\c@subsection=\count190
\c@subsubsection=\count191
\c@paragraph=\count192
\c@subparagraph=\count193
\beforechaptervspace=\skip47
\afterchaptervspace=\skip48
\exampleindent=\skip49
\c@figure=\count194
\c@table=\count195
\abovecaptionskip=\skip50
\belowcaptionskip=\skip51
\bibindent=\dimen138
)
(/usr/share/texlive/texmf-dist/tex/latex/titlesec/titlesec.sty
Package: titlesec 2021/07/05 v2.14 Sectioning titles
\ttl@box=\box50
\beforetitleunit=\skip52
\aftertitleunit=\skip53
\ttl@plus=\dimen139
\ttl@minus=\dimen140
\ttl@toksa=\toks16
\titlewidth=\dimen141
\titlewidthlast=\dimen142
\titlewidthfirst=\dimen143
)
(/usr/share/texlive/texmf-dist/tex/latex/amsmath/amsmath.sty
Package: amsmath 2021/10/15 v2.17l AMS math features
\@mathmargin=\skip54

For additional information on amsmath, use the `?' option.
(/usr/share/texlive/texmf-dist/tex/latex/amsmath/amstext.sty
Package: amstext 2021/08/26 v2.01 AMS text

(/usr/share/texlive/texmf-dist/tex/latex/amsmath/amsgen.sty
File: amsgen.sty 1999/11/30 v2.0 generic functions
\@emptytoks=\toks17
\ex@=\dimen144
))
(/usr/share/texlive/texmf-dist/tex/latex/amsmath/amsbsy.sty
Package: amsbsy 1999/11/29 v1.2d Bold Symbols
\pmbraise@=\dimen145
)
(/usr/share/texlive/texmf-dist/tex/latex/amsmath/amsopn.sty
Package: amsopn 2021/08/26 v2.02 operator names
)
\inf@bad=\count196
LaTeX Info: Redefining \frac on input line 234.
\uproot@=\count197
\leftroot@=\count198
LaTeX Info: Redefining \overline on input line 399.
\classnum@=\count199
\DOTSCASE@=\count266
LaTeX Info: Redefining \ldots on input line 496.
LaTeX Info: Redefining \dots on input line 499.
LaTeX Info: Redefining \cdots on input line 620.
\Mathstrutbox@=\box51
\strutbox@=\box52
\big@size=\dimen146
LaTeX Font Info:    Redeclaring font encoding OML on input line 743.
LaTeX Font Info:    Redeclaring font encoding OMS on input line 744.
\macc@depth=\count267
\c@MaxMatrixCols=\count268
\dotsspace@=\muskip16
\c@parentequation=\count269
\dspbrk@lvl=\count270
\tag@help=\toks18
\row@=\count271
\column@=\count272
\maxfields@=\count273
\andhelp@=\toks19
\eqnshift@=\dimen147
\alignsep@=\dimen148
\tagshift@=\dimen149
\tagwidth@=\dimen150
\totwidth@=\dimen151
\lineht@=\dimen152
\@envbody=\toks20
\multlinegap=\skip55
\multlinetaggap=\skip56
\mathdisplay@stack=\toks21
LaTeX Info: Redefining \[ on input line 2938.
LaTeX Info: Redefining \] on input line 2939.
)
(/usr/share/texlive/texmf-dist/tex/latex/graphics/graphicx.sty
Package: graphicx 2021/09/16 v1.2d Enhanced LaTeX Graphics (DPC,SPQR)

(/usr/share/texlive/texmf-dist/tex/latex/graphics/keyval.sty
Package: keyval 2014/10/28 v1.15 key=value parser (DPC)
\KV@toks@=\toks22
)
(/usr/share/texlive/texmf-dist/tex/latex/graphics/graphics.sty
Package: graphics 2021/03/04 v1.4d Standard LaTeX Graphics (DPC,SPQR)

(/usr/share/texlive/texmf-dist/tex/latex/graphics/trig.sty
Package: trig 2021/08/11 v1.11 sin cos tan (DPC)
)
(/usr/share/texlive/texmf-dist/tex/latex/graphics-cfg/graphics.cfg
File: graphics.cfg 2016/06/04 v1.11 sample graphics configuration
)
Package graphics Info: Driver file: pdftex.def on input line 107.

(/usr/share/texlive/texmf-dist/tex/latex/graphics-def/pdftex.def
File: pdftex.def 2020/10/05 v1.2a Graphics/color driver for pdftex
))
\Gin@req@height=\dimen153
\Gin@req@width=\dimen154
)
(/usr/share/texlive/texmf-dist/tex/latex/base/inputenc.sty
Package: inputenc 2021/02/14 v1.3d Input encoding file
\inpenc@prehook=\toks23
\inpenc@posthook=\toks24
)
(/usr/share/texlive/texmf-dist/tex/generic/babel/babel.sty
Package: babel 2022/01/26 3.70 The Babel package
\babel@savecnt=\count274
\U@D=\dimen155
\l@unhyphenated=\language87

(/usr/share/texlive/texmf-dist/tex/generic/babel/txtbabel.def)
\bbl@readstream=\read2
\bbl@dirlevel=\count275

(/usr/share/texlive/texmf-dist/tex/generic/babel-spanish/spanish.ldf
Language: spanish.ldf 2021/05/27 v5.0q Spanish support from the babel system
\es@quottoks=\toks25
\es@quotdepth=\count276
Package babel Info: Making " an active character on input line 570.
Package babel Info: Making . an active character on input line 675.
Package babel Info: Making < an active character on input line 722.
Package babel Info: Making > an active character on input line 722.
))
(/usr/share/texlive/texmf-dist/tex/latex/geometry/geometry.sty
Package: geometry 2020/01/02 v5.9 Page Geometry

(/usr/share/texlive/texmf-dist/tex/generic/iftex/ifvtex.sty
Package: ifvtex 2019/10/25 v1.7 ifvtex legacy package. Use iftex instead.

(/usr/share/texlive/texmf-dist/tex/generic/iftex/iftex.sty
Package: iftex 2020/03/06 v1.0d TeX engine tests
))
\Gm@cnth=\count277
\Gm@cntv=\count278
\c@Gm@tempcnt=\count279
\Gm@bindingoffset=\dimen156
\Gm@wd@mp=\dimen157
\Gm@odd@mp=\dimen158
\Gm@even@mp=\dimen159
\Gm@layoutwidth=\dimen160
\Gm@layoutheight=\dimen161
\Gm@layouthoffset=\dimen162
\Gm@layoutvoffset=\dimen163
\Gm@dimlist=\toks26
)
(/usr/share/texlive/texmf-dist/tex/latex/url/url.sty
\Urlmuskip=\muskip17
Package: url 2013/09/16  ver 3.4  Verb mode for urls, etc.
)
(/usr/share/texlive/texmf-dist/tex/latex/algorithms/algorithm.sty
Package: algorithm 2009/08/24 v0.1 Document Style `algorithm' - floating enviro
nment

(/usr/share/texlive/texmf-dist/tex/latex/float/float.sty
Package: float 2001/11/08 v1.3d Float enhancements (AL)
\c@float@type=\count280
\float@exts=\toks27
\float@box=\box53
\@float@everytoks=\toks28
\@floatcapt=\box54
)
(/usr/share/texlive/texmf-dist/tex/latex/base/ifthen.sty
Package: ifthen 2020/11/24 v1.1c Standard LaTeX ifthen package (DPC)
)
\@float@every@algorithm=\toks29
\c@algorithm=\count281
)
(/usr/share/texlive/texmf-dist/tex/latex/algorithmicx/algpseudocode.sty
Package: algpseudocode 

(/usr/share/texlive/texmf-dist/tex/latex/algorithmicx/algorithmicx.sty
Package: algorithmicx 2005/04/27 v1.2 Algorithmicx

Document Style algorithmicx 1.2 - a greatly improved `algorithmic' style
\c@ALG@line=\count282
\c@ALG@rem=\count283
\c@ALG@nested=\count284
\ALG@tlm=\skip57
\ALG@thistlm=\skip58
\c@ALG@Lnr=\count285
\c@ALG@blocknr=\count286
\c@ALG@storecount=\count287
\c@ALG@tmpcounter=\count288
\ALG@tmplength=\skip59
)
Document Style - pseudocode environments for use with the `algorithmicx' style
) (/usr/share/texlive/texmf-dist/tex/latex/caption/subcaption.sty
Package: subcaption 2020/10/07 v1.3j Sub-captions (AR)

(/usr/share/texlive/texmf-dist/tex/latex/caption/caption.sty
Package: caption 2020/10/26 v3.5g Customizing captions (AR)

(/usr/share/texlive/texmf-dist/tex/latex/caption/caption3.sty
Package: caption3 2020/10/21 v2.2e caption3 kernel (AR)
\captionmargin=\dimen164
\captionmargin@=\dimen165
\captionwidth=\dimen166
\caption@tempdima=\dimen167
\caption@indent=\dimen168
\caption@parindent=\dimen169
\caption@hangindent=\dimen170
Package caption Info: thesis document class detected.

(/usr/share/texlive/texmf-dist/tex/latex/caption/caption-thesis.sto
File: caption-thesis.sto 2020/08/22 v2.0 Adaption of the caption package to the
 thesis document class (AR)
))
\c@caption@flags=\count289
\c@continuedfloat=\count290
Package caption Info: float package is loaded.
)
\c@subfigure=\count291
\c@subtable=\count292
)
(/usr/share/texlive/texmf-dist/tex/latex/listings/listings.sty
\lst@mode=\count293
\lst@gtempboxa=\box55
\lst@token=\toks30
\lst@length=\count294
\lst@currlwidth=\dimen171
\lst@column=\count295
\lst@pos=\count296
\lst@lostspace=\dimen172
\lst@width=\dimen173
\lst@newlines=\count297
\lst@lineno=\count298
\lst@maxwidth=\dimen174

(/usr/share/texlive/texmf-dist/tex/latex/listings/lstmisc.sty
File: lstmisc.sty 2020/03/24 1.8d (Carsten Heinz)
\c@lstnumber=\count299
\lst@skipnumbers=\count300
\lst@framebox=\box56
)
(/usr/share/texlive/texmf-dist/tex/latex/listings/listings.cfg
File: listings.cfg 2020/03/24 1.8d listings configuration
))
Package: listings 2020/03/24 1.8d (Carsten Heinz)

(/usr/share/texlive/texmf-dist/tex/latex/cite/cite.sty
LaTeX Info: Redefining \cite on input line 302.
LaTeX Info: Redefining \nocite on input line 332.
Package: cite 2015/02/27  v 5.5
)
(/usr/share/texlive/texmf-dist/tex/latex/setspace/setspace.sty
Package: setspace 2011/12/19 v6.7a set line spacing
)
(/usr/share/texlive/texmf-dist/tex/latex/hyperref/hyperref.sty
Package: hyperref 2021-06-07 v7.00m Hypertext links for LaTeX

(/usr/share/texlive/texmf-dist/tex/generic/ltxcmds/ltxcmds.sty
Package: ltxcmds 2020-05-10 v1.25 LaTeX kernel commands for general use (HO)
)
(/usr/share/texlive/texmf-dist/tex/generic/pdftexcmds/pdftexcmds.sty
Package: pdftexcmds 2020-06-27 v0.33 Utility functions of pdfTeX for LuaTeX (HO
)

(/usr/share/texlive/texmf-dist/tex/generic/infwarerr/infwarerr.sty
Package: infwarerr 2019/12/03 v1.5 Providing info/warning/error messages (HO)
)
Package pdftexcmds Info: \pdf@primitive is available.
Package pdftexcmds Info: \pdf@ifprimitive is available.
Package pdftexcmds Info: \pdfdraftmode found.
)
(/usr/share/texlive/texmf-dist/tex/generic/kvsetkeys/kvsetkeys.sty
Package: kvsetkeys 2019/12/15 v1.18 Key value parser (HO)
)
(/usr/share/texlive/texmf-dist/tex/generic/kvdefinekeys/kvdefinekeys.sty
Package: kvdefinekeys 2019-12-19 v1.6 Define keys (HO)
)
(/usr/share/texlive/texmf-dist/tex/generic/pdfescape/pdfescape.sty
Package: pdfescape 2019/12/09 v1.15 Implements pdfTeX's escape features (HO)
)
(/usr/share/texlive/texmf-dist/tex/latex/hycolor/hycolor.sty
Package: hycolor 2020-01-27 v1.10 Color options for hyperref/bookmark (HO)
)
(/usr/share/texlive/texmf-dist/tex/latex/letltxmacro/letltxmacro.sty
Package: letltxmacro 2019/12/03 v1.6 Let assignment for LaTeX macros (HO)
)
(/usr/share/texlive/texmf-dist/tex/latex/auxhook/auxhook.sty
Package: auxhook 2019-12-17 v1.6 Hooks for auxiliary files (HO)
)
(/usr/share/texlive/texmf-dist/tex/latex/kvoptions/kvoptions.sty
Package: kvoptions 2020-10-07 v3.14 Key value format for package options (HO)
)
\@linkdim=\dimen175
\Hy@linkcounter=\count301
\Hy@pagecounter=\count302

(/usr/share/texlive/texmf-dist/tex/latex/hyperref/pd1enc.def
File: pd1enc.def 2021-06-07 v7.00m Hyperref: PDFDocEncoding definition (HO)
Now handling font encoding PD1 ...
... no UTF-8 mapping file for font encoding PD1
)
(/usr/share/texlive/texmf-dist/tex/latex/hyperref/hyperref-langpatches.def
File: hyperref-langpatches.def 2021-06-07 v7.00m Hyperref: patches for babel la
nguages
)
(/usr/share/texlive/texmf-dist/tex/generic/intcalc/intcalc.sty
Package: intcalc 2019/12/15 v1.3 Expandable calculations with integers (HO)
)
(/usr/share/texlive/texmf-dist/tex/generic/etexcmds/etexcmds.sty
Package: etexcmds 2019/12/15 v1.7 Avoid name clashes with e-TeX commands (HO)
)
\Hy@SavedSpaceFactor=\count303

(/usr/share/texlive/texmf-dist/tex/latex/hyperref/puenc.def
File: puenc.def 2021-06-07 v7.00m Hyperref: PDF Unicode definition (HO)
Now handling font encoding PU ...
... no UTF-8 mapping file for font encoding PU
)
Package hyperref Info: Hyper figures OFF on input line 4192.
Package hyperref Info: Link nesting OFF on input line 4197.
Package hyperref Info: Hyper index ON on input line 4200.
Package hyperref Info: Plain pages OFF on input line 4207.
Package hyperref Info: Backreferencing OFF on input line 4212.
Package hyperref Info: Implicit mode ON; LaTeX internals redefined.
Package hyperref Info: Bookmarks ON on input line 4445.
\c@Hy@tempcnt=\count304
LaTeX Info: Redefining \url on input line 4804.
\XeTeXLinkMargin=\dimen176

(/usr/share/texlive/texmf-dist/tex/generic/bitset/bitset.sty
Package: bitset 2019/12/09 v1.3 Handle bit-vector datatype (HO)

(/usr/share/texlive/texmf-dist/tex/generic/bigintcalc/bigintcalc.sty
Package: bigintcalc 2019/12/15 v1.5 Expandable calculations on big integers (HO
)
))
\Fld@menulength=\count305
\Field@Width=\dimen177
\Fld@charsize=\dimen178
Package hyperref Info: Hyper figures OFF on input line 6076.
Package hyperref Info: Link nesting OFF on input line 6081.
Package hyperref Info: Hyper index ON on input line 6084.
Package hyperref Info: backreferencing OFF on input line 6091.
Package hyperref Info: Link coloring OFF on input line 6096.
Package hyperref Info: Link coloring with OCG OFF on input line 6101.
Package hyperref Info: PDF/A mode OFF on input line 6106.
LaTeX Info: Redefining \ref on input line 6146.
LaTeX Info: Redefining \pageref on input line 6150.

(/usr/share/texlive/texmf-dist/tex/latex/base/atbegshi-ltx.sty
Package: atbegshi-ltx 2021/01/10 v1.0c Emulation of the original atbegshi
package with kernel methods
)
\Hy@abspage=\count306
\c@Item=\count307
\c@Hfootnote=\count308
)
Package hyperref Info: Driver (autodetected): hpdftex.

(/usr/share/texlive/texmf-dist/tex/latex/hyperref/hpdftex.def
File: hpdftex.def 2021-06-07 v7.00m Hyperref driver for pdfTeX

(/usr/share/texlive/texmf-dist/tex/latex/base/atveryend-ltx.sty
Package: atveryend-ltx 2020/08/19 v1.0a Emulation of the original atveryend pac
kage
with kernel methods
)
\Fld@listcount=\count309
\c@bookmark@seq@number=\count310

(/usr/share/texlive/texmf-dist/tex/latex/rerunfilecheck/rerunfilecheck.sty
Package: rerunfilecheck 2019/12/05 v1.9 Rerun checks for auxiliary files (HO)

(/usr/share/texlive/texmf-dist/tex/generic/uniquecounter/uniquecounter.sty
Package: uniquecounter 2019/12/15 v1.4 Provide unlimited unique counter (HO)
)
Package uniquecounter Info: New unique counter `rerunfilecheck' on input line 2
86.
)
\Hy@SectionHShift=\skip60
)
Package hyperref Info: Option `colorlinks' set `true' on input line 32.

(/usr/share/texlive/texmf-dist/tex/latex/tocloft/tocloft.sty
Package: tocloft 2017/08/31 v2.3i parameterised ToC, etc., typesetting
Package tocloft Info: The document has chapter divisions on input line 51.
\cftparskip=\skip61
\cftbeforetoctitleskip=\skip62
\cftaftertoctitleskip=\skip63
\cftbeforepartskip=\skip64
\cftpartnumwidth=\skip65
\cftpartindent=\skip66
\cftbeforechapskip=\skip67
\cftchapindent=\skip68
\cftchapnumwidth=\skip69
\cftbeforesecskip=\skip70
\cftsecindent=\skip71
\cftsecnumwidth=\skip72
\cftbeforesubsecskip=\skip73
\cftsubsecindent=\skip74
\cftsubsecnumwidth=\skip75
\cftbeforesubsubsecskip=\skip76
\cftsubsubsecindent=\skip77
\cftsubsubsecnumwidth=\skip78
\cftbeforeparaskip=\skip79
\cftparaindent=\skip80
\cftparanumwidth=\skip81
\cftbeforesubparaskip=\skip82
\cftsubparaindent=\skip83
\cftsubparanumwidth=\skip84
\cftbeforeloftitleskip=\skip85
\cftafterloftitleskip=\skip86
\cftbeforefigskip=\skip87
\cftfigindent=\skip88
\cftfignumwidth=\skip89
\c@lofdepth=\count311
\c@lotdepth=\count312
\cftbeforelottitleskip=\skip90
\cftafterlottitleskip=\skip91
\cftbeforetabskip=\skip92
\cfttabindent=\skip93
\cfttabnumwidth=\skip94
)
(/usr/share/texlive/texmf-dist/tex/latex/enumitem/enumitem.sty
Package: enumitem 2019/06/20 v3.9 Customized lists
\labelindent=\skip95
\enit@outerparindent=\dimen179
\enit@toks=\toks31
\enit@inbox=\box57
\enit@count@id=\count313
\enitdp@description=\count314
)
(/usr/share/texlive/texmf-dist/tex/latex/xcolor/xcolor.sty
Package: xcolor 2021/10/31 v2.13 LaTeX color extensions (UK)

(/usr/share/texlive/texmf-dist/tex/latex/graphics-cfg/color.cfg
File: color.cfg 2016/01/02 v1.6 sample color configuration
)
Package xcolor Info: Driver file: pdftex.def on input line 227.
Package xcolor Info: Model `cmy' substituted by `cmy0' on input line 1352.
Package xcolor Info: Model `hsb' substituted by `rgb' on input line 1356.
Package xcolor Info: Model `RGB' extended on input line 1368.
Package xcolor Info: Model `HTML' substituted by `rgb' on input line 1370.
Package xcolor Info: Model `Hsb' substituted by `hsb' on input line 1371.
Package xcolor Info: Model `tHsb' substituted by `hsb' on input line 1372.
Package xcolor Info: Model `HSB' substituted by `hsb' on input line 1373.
Package xcolor Info: Model `Gray' substituted by `gray' on input line 1374.
Package xcolor Info: Model `wave' substituted by `hsb' on input line 1375.
)
(/usr/share/texlive/texmf-dist/tex/latex/l3backend/l3backend-pdftex.def
File: l3backend-pdftex.def 2022-01-12 L3 backend support: PDF output (pdfTeX)
\l__color_backend_stack_int=\count315
\l__pdf_internal_box=\box58
)
(./tesis.aux
LaTeX Info: Redefining \. on input line 25.
LaTeX Info: Redefining \% on input line 25.


LaTeX Warning: Label `fig:figura1' multiply defined.


LaTeX Warning: Label `sub@fig:figura1' multiply defined.


LaTeX Warning: Label `fig:figura2' multiply defined.


LaTeX Warning: Label `sub@fig:figura2' multiply defined.


LaTeX Warning: Label `fig:figuras_juntas' multiply defined.


LaTeX Warning: Label `fig:figura1' multiply defined.


LaTeX Warning: Label `sub@fig:figura1' multiply defined.


LaTeX Warning: Label `fig:figura2' multiply defined.


LaTeX Warning: Label `sub@fig:figura2' multiply defined.


LaTeX Warning: Label `fig:figuras_juntas' multiply defined.


LaTeX Warning: Label `fig:figura1' multiply defined.


LaTeX Warning: Label `sub@fig:figura1' multiply defined.


LaTeX Warning: Label `fig:figura2' multiply defined.


LaTeX Warning: Label `sub@fig:figura2' multiply defined.


LaTeX Warning: Label `fig:figuras_juntas' multiply defined.


LaTeX Warning: Label `fig:figuras_juntas' multiply defined.


LaTeX Warning: Label `fig:figura1' multiply defined.


LaTeX Warning: Label `sub@fig:figura1' multiply defined.


LaTeX Warning: Label `fig:figura2' multiply defined.


LaTeX Warning: Label `sub@fig:figura2' multiply defined.


LaTeX Warning: Label `fig:figuras_juntas' multiply defined.


LaTeX Warning: Label `fig:figuras_juntas' multiply defined.


LaTeX Warning: Label `fig:figura5' multiply defined.


LaTeX Warning: Label `sub@fig:figura5' multiply defined.


LaTeX Warning: Label `fig:figura6' multiply defined.


LaTeX Warning: Label `sub@fig:figura6' multiply defined.


LaTeX Warning: Label `porcentajes' multiply defined.

)
\openout1 = `tesis.aux'.

LaTeX Font Info:    Checking defaults for OML/cmm/m/it on input line 53.
LaTeX Font Info:    ... okay on input line 53.
LaTeX Font Info:    Checking defaults for OMS/cmsy/m/n on input line 53.
LaTeX Font Info:    ... okay on input line 53.
LaTeX Font Info:    Checking defaults for OT1/cmr/m/n on input line 53.
LaTeX Font Info:    ... okay on input line 53.
LaTeX Font Info:    Checking defaults for T1/cmr/m/n on input line 53.
LaTeX Font Info:    ... okay on input line 53.
LaTeX Font Info:    Checking defaults for TS1/cmr/m/n on input line 53.
LaTeX Font Info:    ... okay on input line 53.
LaTeX Font Info:    Checking defaults for OMX/cmex/m/n on input line 53.
LaTeX Font Info:    ... okay on input line 53.
LaTeX Font Info:    Checking defaults for U/cmr/m/n on input line 53.
LaTeX Font Info:    ... okay on input line 53.
LaTeX Font Info:    Checking defaults for PD1/pdf/m/n on input line 53.
LaTeX Font Info:    ... okay on input line 53.
LaTeX Font Info:    Checking defaults for PU/pdf/m/n on input line 53.
LaTeX Font Info:    ... okay on input line 53.
 (/usr/share/texlive/texmf-dist/tex/context/base/mkii/supp-pdf.mkii
[Loading MPS to PDF converter (version 2006.09.02).]
\scratchcounter=\count316
\scratchdimen=\dimen180
\scratchbox=\box59
\nofMPsegments=\count317
\nofMParguments=\count318
\everyMPshowfont=\toks32
\MPscratchCnt=\count319
\MPscratchDim=\dimen181
\MPnumerator=\count320
\makeMPintoPDFobject=\count321
\everyMPtoPDFconversion=\toks33
) (/usr/share/texlive/texmf-dist/tex/latex/epstopdf-pkg/epstopdf-base.sty
Package: epstopdf-base 2020-01-24 v2.11 Base part for package epstopdf
Package epstopdf-base Info: Redefining graphics rule for `.eps' on input line 4
85.

(/usr/share/texlive/texmf-dist/tex/latex/latexconfig/epstopdf-sys.cfg
File: epstopdf-sys.cfg 2010/07/13 v1.3 Configuration of (r)epstopdf for TeX Liv
e
))
LaTeX Info: Redefining \. on input line 53.
LaTeX Info: Redefining \% on input line 53.

*geometry* driver: auto-detecting
*geometry* detected driver: pdftex
*geometry* verbose mode - [ preamble ] result:
* driver: pdftex
* paper: a4paper
* layout: <same size as paper>
* layoutoffset:(h,v)=(0.0pt,0.0pt)
* modes: twoside 
* h-part:(L,W,R)=(85.35826pt, 426.79135pt, 85.35826pt)
* v-part:(T,H,B)=(99.58464pt, 645.87756pt, 99.58464pt)
* \paperwidth=597.50787pt
* \paperheight=845.04684pt
* \textwidth=426.79135pt
* \textheight=645.87756pt
* \oddsidemargin=13.08827pt
* \evensidemargin=13.08827pt
* \topmargin=-4.55914pt
* \headheight=12.0pt
* \headsep=19.8738pt
* \topskip=11.0pt
* \footskip=27.46295pt
* \marginparwidth=106.0pt
* \marginparsep=7.0pt
* \columnsep=10.0pt
* \skip\footins=10.0pt plus 4.0pt minus 2.0pt
* \hoffset=0.0pt
* \voffset=0.0pt
* \mag=1000
* \@twocolumnfalse
* \@twosidetrue
* \@mparswitchtrue
* \@reversemarginfalse
* (1in=72.27pt=25.4mm, 1cm=28.453pt)

Package caption Info: Begin \AtBeginDocument code.
Package caption Info: hyperref package is loaded.
Package caption Info: listings package is loaded.
Package caption Info: End \AtBeginDocument code.
\c@lstlisting=\count322
Package hyperref Info: Link coloring ON on input line 53.
(/usr/share/texlive/texmf-dist/tex/latex/hyperref/nameref.sty
Package: nameref 2021-04-02 v2.47 Cross-referencing by name of section

(/usr/share/texlive/texmf-dist/tex/latex/refcount/refcount.sty
Package: refcount 2019/12/15 v3.6 Data extraction from label references (HO)
)
(/usr/share/texlive/texmf-dist/tex/generic/gettitlestring/gettitlestring.sty
Package: gettitlestring 2019/12/15 v1.6 Cleanup title references (HO)
)
\c@section@level=\count323
)
LaTeX Info: Redefining \ref on input line 53.
LaTeX Info: Redefining \pageref on input line 53.
LaTeX Info: Redefining \nameref on input line 53.

(./tesis.out) (./tesis.out)
\@outlinefile=\write3
\openout3 = `tesis.out'.

 (./caratula.tex
<logofcen.pdf, id=156, 108.405pt x 108.405pt>
File: logofcen.pdf Graphic file (type pdf)
<use logofcen.pdf>
Package pdftex.def Info: logofcen.pdf  used on input line 10.
(pdftex.def)             Requested size: 73.97733pt x 73.98073pt.
 [1

{/var/lib/texmf/fonts/map/pdftex/updmap/pdftex.map} <./logofcen.pdf>]) [2

] (./abs_esp.tex) [1

] [2

] (./abs_en.tex) [3

] [4

] (./agradecimientos.tex) [5

] [6

] (./dedicatoria.tex) [7] [8

]
(./tesis.toc
LaTeX Info: Redefining \. on input line 1.
LaTeX Info: Redefining \% on input line 1.
 [9])
\tf@toc=\write4
\openout4 = `tesis.toc'.

 [10]
Cap\'{\i }tulo 1.
<imagenes/inscriptos-por-carrera.jpg, id=259, 963.6pt x 565.11125pt>
File: imagenes/inscriptos-por-carrera.jpg Graphic file (type jpg)
<use imagenes/inscriptos-por-carrera.jpg>
Package pdftex.def Info: imagenes/inscriptos-por-carrera.jpg  used on input lin
e 99.
(pdftex.def)             Requested size: 341.43437pt x 200.23218pt.
pdfTeX warning (ext4): destination with the same identifier (name{page.1}) has 
been already used, duplicate ignored
<to be read again> 
                   \relax 
l.104 
       [1


 <./imagenes/inscriptos-por-carrera.jpg>]
Underfull \vbox (badness 10000) has occurred while \output is active []

LaTeX Info: Redefining \. on input line 120.
LaTeX Info: Redefining \% on input line 120.
pdfTeX warning (ext4): destination with the same identifier (name{page.2}) has 
been already used, duplicate ignored
<to be read again> 
                   \relax 
l.120 
       [2]
LaTeX Info: Redefining \. on input line 130.
LaTeX Info: Redefining \% on input line 130.
 [3]
Cap\'{\i }tulo 2.
<imagenes/modulos-curso.PNG, id=296, 537.50812pt x 295.85532pt>
File: imagenes/modulos-curso.PNG Graphic file (type png)
<use imagenes/modulos-curso.PNG>
Package pdftex.def Info: imagenes/modulos-curso.PNG  used on input line 151.
(pdftex.def)             Requested size: 341.43437pt x 187.93375pt.
[4

]
LaTeX Info: Redefining \. on input line 167.
LaTeX Info: Redefining \% on input line 167.
 [5 <./imagenes/modulos-curso.PNG>]
<imagenes/ast.PNG, id=312, 883.80188pt x 389.95688pt>
File: imagenes/ast.PNG Graphic file (type png)
<use imagenes/ast.PNG>
Package pdftex.def Info: imagenes/ast.PNG  used on input line 172.
(pdftex.def)             Requested size: 426.79135pt x 188.31366pt.

Underfull \vbox (badness 1881) has occurred while \output is active []

LaTeX Info: Redefining \. on input line 179.
LaTeX Info: Redefining \% on input line 179.
 [6 <./imagenes/ast.PNG>] (/usr/share/texlive/texmf-dist/tex/latex/listings/lst
lang1.sty
File: lstlang1.sty 2020/03/24 1.8d listings language file
)
Package hyperref Info: bookmark level for unknown algorithm defaults to 0 on in
put line 196.
LaTeX Font Info:    Trying to load font information for OMS+cmr on input line 2
09.

(/usr/share/texlive/texmf-dist/tex/latex/base/omscmr.fd
File: omscmr.fd 2019/12/16 v2.5j Standard LaTeX font definitions
)
LaTeX Font Info:    Font shape `OMS/cmr/m/n' in size <10.95> not available
(Font)              Font shape `OMS/cmsy/m/n' tried instead on input line 209.
LaTeX Info: Redefining \. on input line 222.
LaTeX Info: Redefining \% on input line 222.
 [7]
<imagenes/diagrama-base.png, id=348, 522.95375pt x 573.14125pt>
File: imagenes/diagrama-base.png Graphic file (type png)
<use imagenes/diagrama-base.png>
Package pdftex.def Info: imagenes/diagrama-base.png  used on input line 239.
(pdftex.def)             Requested size: 213.39568pt x 233.87875pt.

Underfull \vbox (badness 10000) has occurred while \output is active []

LaTeX Info: Redefining \. on input line 243.
LaTeX Info: Redefining \% on input line 243.
 [8]
LaTeX Info: Redefining \. on input line 255.
LaTeX Info: Redefining \% on input line 255.

[9 <./imagenes/diagrama-base.png>]
<imagenes/varianza-explicada.png, id=365, 1241.63875pt x 701.62125pt>
File: imagenes/varianza-explicada.png Graphic file (type png)
<use imagenes/varianza-explicada.png>
Package pdftex.def Info: imagenes/varianza-explicada.png  used on input line 26
4.
(pdftex.def)             Requested size: 256.07741pt x 144.70045pt.

Underfull \vbox (badness 10000) has occurred while \output is active []

LaTeX Info: Redefining \. on input line 273.
LaTeX Info: Redefining \% on input line 273.
 [10 <./imagenes/varianza-explicada.png>]
<imagenes/codigo-similar.png, id=377, 1506.62875pt x 451.6875pt>
File: imagenes/codigo-similar.png Graphic file (type png)
<use imagenes/codigo-similar.png>
Package pdftex.def Info: imagenes/codigo-similar.png  used on input line 287.
(pdftex.def)             Requested size: 426.79135pt x 127.94656pt.
LaTeX Info: Redefining \. on input line 294.
LaTeX Info: Redefining \% on input line 294.
 [11 <./imagenes/codigo-similar.png>]
LaTeX Info: Redefining \. on input line 309.
LaTeX Info: Redefining \% on input line 309.
 [12]
LaTeX Info: Redefining \. on input line 331.
LaTeX Info: Redefining \% on input line 331.

[13]
LaTeX Info: Redefining \. on input line 357.
LaTeX Info: Redefining \% on input line 357.
 [14]
Underfull \vbox (badness 10000) has occurred while \output is active []

LaTeX Info: Redefining \. on input line 391.
LaTeX Info: Redefining \% on input line 391.
 [15]
LaTeX Info: Redefining \. on input line 393.
LaTeX Info: Redefining \% on input line 393.

[16]
Cap\'{\i }tulo 3.
<imagenes/heatmap-1-crear album.png, id=432, 489.83pt x 431.6125pt>
File: imagenes/heatmap-1-crear album.png Graphic file (type png)
<use imagenes/heatmap-1-crear album.png>
Package pdftex.def Info: imagenes/heatmap-1-crear album.png  used on input line
 404.
(pdftex.def)             Requested size: 192.0548pt x 169.22386pt.
<imagenes/heatmap-1-tirar.png, id=433, 491.8375pt x 417.56pt>
File: imagenes/heatmap-1-tirar.png Graphic file (type png)
<use imagenes/heatmap-1-tirar.png>
Package pdftex.def Info: imagenes/heatmap-1-tirar.png  used on input line 410.
(pdftex.def)             Requested size: 192.0548pt x 163.05162pt.
[17

 <./imagenes/heatmap-1-crear album.png> <./imagenes/heatmap-1-tirar.png>]
<imagenes/heatmap-1-propagar.png, id=441, 368.87813pt x 301.125pt>
File: imagenes/heatmap-1-propagar.png Graphic file (type png)
<use imagenes/heatmap-1-propagar.png>
Package pdftex.def Info: imagenes/heatmap-1-propagar.png  used on input line 42
3.
(pdftex.def)             Requested size: 192.0548pt x 156.77887pt.
<imagenes/heatmap-1-prob generala.png, id=442, 368.87813pt x 301.125pt>
File: imagenes/heatmap-1-prob generala.png Graphic file (type png)
<use imagenes/heatmap-1-prob generala.png>
Package pdftex.def Info: imagenes/heatmap-1-prob generala.png  used on input li
ne 429.
(pdftex.def)             Requested size: 192.0548pt x 156.77887pt.
<imagenes/heatmap-2-crear album.png, id=443, 857.45343pt x 578.91281pt>
File: imagenes/heatmap-2-crear album.png Graphic file (type png)
<use imagenes/heatmap-2-crear album.png>
Package pdftex.def Info: imagenes/heatmap-2-crear album.png  used on input line
 444.
(pdftex.def)             Requested size: 192.0548pt x 129.66675pt.
<imagenes/heatmap-2-tirar.png, id=444, 846.91406pt x 569.12625pt>
File: imagenes/heatmap-2-tirar.png Graphic file (type png)
<use imagenes/heatmap-2-tirar.png>
Package pdftex.def Info: imagenes/heatmap-2-tirar.png  used on input line 450.
(pdftex.def)             Requested size: 192.0548pt x 129.05524pt.

Underfull \vbox (badness 10000) has occurred while \output is active []

LaTeX Info: Redefining \. on input line 457.
LaTeX Info: Redefining \% on input line 457.
 [18 <./imagenes/heatmap-1-propagar.png> <./imagenes/heatmap-1-prob generala.pn
g>]
Underfull \vbox (badness 10000) has occurred while \output is active []

LaTeX Info: Redefining \. on input line 469.
LaTeX Info: Redefining \% on input line 469.
 [19 <./imagenes/heatmap-2-crear album.png> <./imagenes/heatmap-2-tirar.png>]
<imagenes/ari.png, id=462, 2636.34938pt x 2363.07843pt>
File: imagenes/ari.png Graphic file (type png)
<use imagenes/ari.png>
Package pdftex.def Info: imagenes/ari.png  used on input line 473.
(pdftex.def)             Requested size: 192.0548pt x 172.13911pt.
<imagenes/nmi.png, id=463, 2692.0575pt x 2409.0pt>
File: imagenes/nmi.png Graphic file (type png)
<use imagenes/nmi.png>
Package pdftex.def Info: imagenes/nmi.png  used on input line 479.
(pdftex.def)             Requested size: 192.0548pt x 171.8452pt.
<imagenes/clusterxcluster.png, id=465, 897.3525pt x 468.75125pt>
File: imagenes/clusterxcluster.png Graphic file (type png)
<use imagenes/clusterxcluster.png>
Package pdftex.def Info: imagenes/clusterxcluster.png  used on input line 496.
(pdftex.def)             Requested size: 298.75264pt x 156.05452pt.

Underfull \vbox (badness 7869) has occurred while \output is active []

LaTeX Info: Redefining \. on input line 499.
LaTeX Info: Redefining \% on input line 499.
 [20 <./imagenes/ari.png> <./imagenes/nmi.png>]
<imagenes/cluster.png, id=475, 1934.22626pt x 2073.7475pt>
File: imagenes/cluster.png Graphic file (type png)
<use imagenes/cluster.png>
Package pdftex.def Info: imagenes/cluster.png  used on input line 513.
(pdftex.def)             Requested size: 213.39568pt x 228.77742pt.

Underfull \vbox (badness 10000) has occurred while \output is active []

LaTeX Info: Redefining \. on input line 517.
LaTeX Info: Redefining \% on input line 517.
 [21 <./imagenes/clusterxcluster.png>]
LaTeX Info: Redefining \. on input line 545.
LaTeX Info: Redefining \% on input line 545.
 [22 <./imagenes/cluster.png>]
Underfull \vbox (badness 10000) has occurred while \output is active []

LaTeX Info: Redefining \. on input line 557.
LaTeX Info: Redefining \% on input line 557.
 [23]
<imagenes/entregas - finalizados.png, id=497, 977.6525pt x 1024.82875pt>
File: imagenes/entregas - finalizados.png Graphic file (type png)
<use imagenes/entregas - finalizados.png>
Package pdftex.def Info: imagenes/entregas - finalizados.png  used on input lin
e 565.
(pdftex.def)             Requested size: 128.0387pt x 134.21758pt.
<imagenes/entregas - clique13.png, id=498, 973.6375pt x 1024.82875pt>
File: imagenes/entregas - clique13.png Graphic file (type png)
<use imagenes/entregas - clique13.png>
Package pdftex.def Info: imagenes/entregas - clique13.png  used on input line 5
72.
(pdftex.def)             Requested size: 128.0387pt x 134.7649pt.
<imagenes/entregas - no-clique13.png, id=499, 973.6375pt x 1024.82875pt>
File: imagenes/entregas - no-clique13.png Graphic file (type png)
<use imagenes/entregas - no-clique13.png>
Package pdftex.def Info: imagenes/entregas - no-clique13.png  used on input lin
e 579.
(pdftex.def)             Requested size: 128.0387pt x 134.7649pt.

Underfull \vbox (badness 10000) has occurred while \output is active []

LaTeX Info: Redefining \. on input line 597.
LaTeX Info: Redefining \% on input line 597.
 [24 <./imagenes/entregas - finalizados.png> <./imagenes/entregas - clique13.pn
g> <./imagenes/entregas - no-clique13.png>]
<imagenes/unique-1.png, id=508, 1216.545pt x 556.0775pt>
File: imagenes/unique-1.png Graphic file (type png)
<use imagenes/unique-1.png>
Package pdftex.def Info: imagenes/unique-1.png  used on input line 601.
(pdftex.def)             Requested size: 192.0548pt x 87.7863pt.
<imagenes/unique-2.png, id=509, 1216.545pt x 555.07375pt>
File: imagenes/unique-2.png Graphic file (type png)
<use imagenes/unique-2.png>
Package pdftex.def Info: imagenes/unique-2.png  used on input line 607.
(pdftex.def)             Requested size: 192.0548pt x 87.62784pt.
<imagenes/codigo-reptido-original.png, id=510, 1027.84pt x 783.92876pt>
File: imagenes/codigo-reptido-original.png Graphic file (type png)
<use imagenes/codigo-reptido-original.png>
Package pdftex.def Info: imagenes/codigo-reptido-original.png  used on input li
ne 622.
(pdftex.def)             Requested size: 192.0548pt x 146.47192pt.
<imagenes/codigo-reptido-uniques.png, id=511, 1021.8175pt x 807.015pt>
File: imagenes/codigo-reptido-uniques.png Graphic file (type png)
<use imagenes/codigo-reptido-uniques.png>
Package pdftex.def Info: imagenes/codigo-reptido-uniques.png  used on input lin
e 628.
(pdftex.def)             Requested size: 192.0548pt x 151.67204pt.
LaTeX Info: Redefining \. on input line 637.
LaTeX Info: Redefining \% on input line 637.
 [25 <./imagenes/unique-1.png> <./imagenes/unique-2.png> <./imagenes/codigo-rep
tido-original.png> <./imagenes/codigo-reptido-uniques.png>]
<imagenes/porcentaje - original.png, id=523, 940.51375pt x 361.35pt>
File: imagenes/porcentaje - original.png Graphic file (type png)
<use imagenes/porcentaje - original.png>
Package pdftex.def Info: imagenes/porcentaje - original.png  used on input line
 643.
(pdftex.def)             Requested size: 192.0548pt x 73.78499pt.
<imagenes/porcentaje - unniques.png, id=524, 936.49875pt x 349.305pt>
File: imagenes/porcentaje - unniques.png Graphic file (type png)
<use imagenes/porcentaje - unniques.png>
Package pdftex.def Info: imagenes/porcentaje - unniques.png  used on input line
 649.
(pdftex.def)             Requested size: 192.0548pt x 71.63463pt.
<imagenes/cluster-normalized.png, id=527, 1934.22626pt x 2073.7475pt>
File: imagenes/cluster-normalized.png Graphic file (type png)
<use imagenes/cluster-normalized.png>
Package pdftex.def Info: imagenes/cluster-normalized.png  used on input line 67
1.
(pdftex.def)             Requested size: 213.39568pt x 228.77742pt.
LaTeX Info: Redefining \. on input line 674.
LaTeX Info: Redefining \% on input line 674.
 [26 <./imagenes/porcentaje - original.png> <./imagenes/porcentaje - unniques.p
ng>]
File: imagenes/porcentaje - original.png Graphic file (type png)
<use imagenes/porcentaje - original.png>
Package pdftex.def Info: imagenes/porcentaje - original.png  used on input line
 686.
(pdftex.def)             Requested size: 192.0548pt x 73.78499pt.
<imagenes/porcentaje - fuzzy.png, id=536, 936.49875pt x 349.305pt>
File: imagenes/porcentaje - fuzzy.png Graphic file (type png)
<use imagenes/porcentaje - fuzzy.png>
Package pdftex.def Info: imagenes/porcentaje - fuzzy.png  used on input line 69
2.
(pdftex.def)             Requested size: 192.0548pt x 71.63463pt.
LaTeX Info: Redefining \. on input line 701.
LaTeX Info: Redefining \% on input line 701.
 [27 <./imagenes/cluster-normalized.png> <./imagenes/porcentaje - fuzzy.png>]
<imagenes/fill functiontodos_los_graficos_en_una_sola_figura.png, id=545, 1134.
3981pt x 1110.0672pt>
File: imagenes/fill functiontodos_los_graficos_en_una_sola_figura.png Graphic f
ile (type png)
<use imagenes/fill functiontodos_los_graficos_en_una_sola_figura.png>
Package pdftex.def Info: imagenes/fill functiontodos_los_graficos_en_una_sola_f
igura.png  used on input line 720.
(pdftex.def)             Requested size: 426.79135pt x 417.62924pt.

Underfull \vbox (badness 10000) has occurred while \output is active []

LaTeX Info: Redefining \. on input line 724.
LaTeX Info: Redefining \% on input line 724.
 [28]
LaTeX Info: Redefining \. on input line 732.
LaTeX Info: Redefining \% on input line 732.

[29 <./imagenes/fill functiontodos_los_graficos_en_una_sola_figura.png>]
<imagenes/zerostodos_los_graficos_en_una_sola_figura.png, id=556, 1134.3981pt x
 1110.0672pt>
File: imagenes/zerostodos_los_graficos_en_una_sola_figura.png Graphic file (typ
e png)
<use imagenes/zerostodos_los_graficos_en_una_sola_figura.png>
Package pdftex.def Info: imagenes/zerostodos_los_graficos_en_una_sola_figura.pn
g  used on input line 744.
(pdftex.def)             Requested size: 426.79135pt x 417.62924pt.
<imagenes/proporcion - entregas (1).png, id=557, 1253.68375pt x 604.2575pt>
File: imagenes/proporcion - entregas (1).png Graphic file (type png)
<use imagenes/proporcion - entregas (1).png>
Package pdftex.def Info: imagenes/proporcion - entregas (1).png  used on input 
line 755.
(pdftex.def)             Requested size: 426.79135pt x 205.70299pt.

Underfull \vbox (badness 10000) has occurred while \output is active []

LaTeX Info: Redefining \. on input line 757.
LaTeX Info: Redefining \% on input line 757.
 [30 <./imagenes/zerostodos_los_graficos_en_una_sola_figura.png>]
LaTeX Info: Redefining \. on input line 763.
LaTeX Info: Redefining \% on input line 763.
 [31 <./imagenes/proporcion - entregas (1).png>]
Cap\'{\i }tulo 4.

Underfull \vbox (badness 10000) has occurred while \output is active []

 [32

]
[33]
Cap\'{\i }tulo 5.
[34

] (./tesis.bbl
Underfull \hbox (badness 10000) in paragraph at lines 16--19
[]\OT1/cmr/m/n/10.95 Javier Mas-sa.  Los pri-me-ros da-tos.  [][]$\OT1/cmtt/m/n
/10.95 https : / / exactas . uba . ar /
 []

[35


]
Underfull \hbox (badness 10000) in paragraph at lines 97--101
[]\OT1/cmr/m/n/10.95 sklearn.preprocessing.normalize.  [][]$\OT1/cmtt/m/n/10.95
 https : / / scikit-[]learn . org / 1 . 5 / modules /
 []

LaTeX Info: Redefining \. on input line 149.
LaTeX Info: Redefining \% on input line 149.
[36])
LaTeX Info: Redefining \. on input line 793.
LaTeX Info: Redefining \% on input line 793.
 [37] (./tesis.aux
LaTeX Info: Redefining \. on input line 25.
LaTeX Info: Redefining \% on input line 25.
)

LaTeX Warning: There were multiply-defined labels.

Package rerunfilecheck Info: File `tesis.out' has not changed.
(rerunfilecheck)             Checksum: 12942D65B2EE775393AE7B5CEB2536FC;6683.
 ) 
Here is how much of TeX's memory you used:
 16682 strings out of 478287
 264343 string characters out of 5849288
 755881 words of memory out of 5000000
 34467 multiletter control sequences out of 15000+600000
 478430 words of font info for 59 fonts, out of 8000000 for 9000
 1141 hyphenation exceptions out of 8191
 67i,10n,77p,1331b,1300s stack positions out of 5000i,500n,10000p,200000b,80000s
{/usr/share/texmf/fonts/enc/dvips/cm-super/cm-super-ts1.enc}</usr/share/texli
ve/texmf-dist/fonts/type1/public/amsfonts/cm/cmbx10.pfb></usr/share/texlive/tex
mf-dist/fonts/type1/public/amsfonts/cm/cmbx12.pfb></usr/share/texlive/texmf-dis
t/fonts/type1/public/amsfonts/cm/cmbxti10.pfb></usr/share/texlive/texmf-dist/fo
nts/type1/public/amsfonts/cm/cmcsc10.pfb></usr/share/texlive/texmf-dist/fonts/t
ype1/public/amsfonts/cm/cmmi10.pfb></usr/share/texlive/texmf-dist/fonts/type1/p
ublic/amsfonts/cm/cmr10.pfb></usr/share/texlive/texmf-dist/fonts/type1/public/a
msfonts/cm/cmr12.pfb></usr/share/texlive/texmf-dist/fonts/type1/public/amsfonts
/cm/cmr6.pfb></usr/share/texlive/texmf-dist/fonts/type1/public/amsfonts/cm/cmr8
.pfb></usr/share/texlive/texmf-dist/fonts/type1/public/amsfonts/cm/cmr9.pfb></u
sr/share/texlive/texmf-dist/fonts/type1/public/amsfonts/cm/cmsl10.pfb></usr/sha
re/texlive/texmf-dist/fonts/type1/public/amsfonts/cm/cmsy10.pfb></usr/share/tex
live/texmf-dist/fonts/type1/public/amsfonts/cm/cmti10.pfb></usr/share/texlive/t
exmf-dist/fonts/type1/public/amsfonts/cm/cmtt10.pfb></usr/share/texmf/fonts/typ
e1/public/cm-super/sfrm1095.pfb>
Output written on tesis.pdf (49 pages, 16202622 bytes).
PDF statistics:
 717 PDF objects out of 1000 (max. 8388607)
 568 compressed objects within 6 object streams
 162 named destinations out of 1000 (max. 500000)
 460 words of extra memory for PDF output out of 10000 (max. 10000000)

